2020-08-12 16:14:52,871 - root - INFO - ######################### TEST START #########################
2020-08-12 16:15:02,590 - root - INFO - ---login 登录成功测试用例 测试开始---
2020-08-12 16:15:02,590 - root - INFO - 点击密码登录
2020-08-12 16:15:03,196 - root - INFO - 输入账号
2020-08-12 16:15:03,463 - root - INFO - 输入密码
2020-08-12 16:15:03,638 - root - INFO - 点击登录
2020-08-12 16:15:12,471 - root - INFO - 登录成功
2020-08-12 16:15:13,608 - root - INFO - 账号注销
2020-08-12 16:15:13,608 - root - INFO - ***断言成功***
2020-08-12 16:15:13,608 - root - INFO - ---login 登录成功测试用例 测试结束---
2020-08-12 16:15:24,927 - root - INFO - ---login 登录失败-账号错误测试用例 测试开始---
2020-08-12 16:15:24,927 - root - INFO - 点击密码登录
2020-08-12 16:15:25,436 - root - INFO - 输入账号
2020-08-12 16:15:25,741 - root - INFO - 输入密码
2020-08-12 16:15:25,908 - root - INFO - 点击登录
2020-08-12 16:15:27,095 - root - INFO - ***断言成功***
2020-08-12 16:15:27,095 - root - INFO - ---login 登录失败-账号错误测试用例 测试结束---
2020-08-12 16:15:39,294 - root - INFO - ---login 登录失败-密码错误测试用例 测试开始---
2020-08-12 16:15:39,294 - root - INFO - 点击密码登录
2020-08-12 16:15:39,367 - root - INFO - 输入账号
2020-08-12 16:15:39,621 - root - INFO - 输入密码
2020-08-12 16:15:39,766 - root - INFO - 点击登录
2020-08-12 16:15:40,735 - root - INFO - ***断言成功***
2020-08-12 16:15:40,735 - root - INFO - ---login 登录失败-密码错误测试用例 测试结束---
2020-08-12 16:15:53,888 - root - INFO - ---login 登录失败-账号为空测试用例 测试开始---
2020-08-12 16:15:53,888 - root - INFO - 点击密码登录
2020-08-12 16:15:54,576 - root - INFO - 输入账号
2020-08-12 16:15:54,716 - root - INFO - 输入密码
2020-08-12 16:15:54,909 - root - INFO - 点击登录
2020-08-12 16:15:55,024 - root - INFO - ***断言失败***
2020-08-12 16:15:55,662 - root - INFO - 截图保存地址:E:\Python\NetEase_Email_Auto(POM)\Report\Images\20200812161555.png
2020-08-12 16:15:55,662 - root - INFO - ---login 登录失败-账号为空测试用例 测试结束---
2020-08-12 16:16:05,412 - root - INFO - ---login 登录失败-密码为空测试用例 测试开始---
2020-08-12 16:16:05,412 - root - INFO - 点击密码登录
2020-08-12 16:16:05,820 - root - INFO - 输入账号
2020-08-12 16:16:06,099 - root - INFO - 输入密码
2020-08-12 16:16:06,227 - root - INFO - 点击登录
2020-08-12 16:16:06,339 - root - INFO - ***断言成功***
2020-08-12 16:16:06,339 - root - INFO - ---login 登录失败-密码为空测试用例 测试结束---
2020-08-12 16:16:16,466 - root - INFO - ---login 登录失败-账号含空格测试用例 测试开始---
2020-08-12 16:16:16,466 - root - INFO - 点击密码登录
2020-08-12 16:16:16,982 - root - INFO - 输入账号
2020-08-12 16:16:17,287 - root - INFO - 输入密码
2020-08-12 16:16:17,463 - root - INFO - 点击登录
2020-08-12 16:16:18,130 - root - INFO - ***断言成功***
2020-08-12 16:16:18,130 - root - INFO - ---login 登录失败-账号含空格测试用例 测试结束---
2020-08-12 16:16:28,798 - root - INFO - ---login 登录失败-密码含空格测试用例 测试开始---
2020-08-12 16:16:28,798 - root - INFO - 点击密码登录
2020-08-12 16:16:29,012 - root - INFO - 输入账号
2020-08-12 16:16:29,250 - root - INFO - 输入密码
2020-08-12 16:16:29,430 - root - INFO - 点击登录
2020-08-12 16:16:30,209 - root - INFO - ***断言成功***
2020-08-12 16:16:30,209 - root - INFO - ---login 登录失败-密码含空格测试用例 测试结束---
2020-08-12 16:16:33,336 - root - INFO - ######################### TEST END #########################
